  [1m[35m (1.9ms)[0m  [1m[34mSELECT sqlite_version(*)[0m
  [1m[35m (1.1ms)[0m  [1m[35mCREATE TABLE "schema_migrations" ("version" varchar NOT NULL PRIMARY KEY)[0m
  [1m[35m (0.9ms)[0m  [1m[35mCREATE TABLE "ar_internal_metadata" ("key" varchar NOT NULL PRIMARY KEY, "value" varchar, "created_at" datetime(6) NOT NULL, "updated_at" datetime(6) NOT NULL)[0m
  [1m[35m (0.1ms)[0m  [1m[34mSELECT "schema_migrations"."version" FROM "schema_migrations" ORDER BY "schema_migrations"."version" ASC[0m
Migrating to CreateCottages (20201017011530)
  [1m[35m (0.1ms)[0m  [1m[36mbegin transaction[0m
  [1m[35m (0.5ms)[0m  [1m[35mCREATE TABLE "cottages" ("id" integer PRIMARY KEY AUTOINCREMENT NOT NULL, "name" varchar, "location" varchar, "rating" float, "description" varchar, "number_of_visitor_disappearances" integer, "img_url" varchar, "created_at" datetime(6) NOT NULL, "updated_at" datetime(6) NOT NULL)[0m
  [1m[36mprimary::SchemaMigration Create (0.1ms)[0m  [1m[32mINSERT INTO "schema_migrations" ("version") VALUES (?)[0m  [["version", "20201017011530"]]
  [1m[35m (0.7ms)[0m  [1m[36mcommit transaction[0m
  [1m[36mActiveRecord::InternalMetadata Load (0.1ms)[0m  [1m[34mSELECT "ar_internal_metadata".* FROM "ar_internal_metadata" WHERE "ar_internal_metadata"."key" = ? LIMIT ?[0m  [["key", "environment"], ["LIMIT", 1]]
  [1m[35m (0.0ms)[0m  [1m[36mbegin transaction[0m
  [1m[36mActiveRecord::InternalMetadata Create (0.3ms)[0m  [1m[32mINSERT INTO "ar_internal_metadata" ("key", "value", "created_at", "updated_at") VALUES (?, ?, ?, ?)[0m  [["key", "environment"], ["value", "development"], ["created_at", "2020-10-17 01:15:50.107253"], ["updated_at", "2020-10-17 01:15:50.107253"]]
  [1m[35m (0.6ms)[0m  [1m[36mcommit transaction[0m
  [1m[35m (0.0ms)[0m  [1m[34mSELECT sqlite_version(*)[0m
  [1m[35m (0.1ms)[0m  [1m[34mSELECT "schema_migrations"."version" FROM "schema_migrations" ORDER BY "schema_migrations"."version" ASC[0m
  [1m[35m (0.7ms)[0m  [1m[34mSELECT sqlite_version(*)[0m
  [1m[35m (0.1ms)[0m  [1m[34mSELECT "schema_migrations"."version" FROM "schema_migrations" ORDER BY "schema_migrations"."version" ASC[0m
  [1m[35m (0.0ms)[0m  [1m[34mSELECT sqlite_version(*)[0m
  [1m[35m (0.1ms)[0m  [1m[36mbegin transaction[0m
  [1m[36mCottage Create (0.4ms)[0m  [1m[32mINSERT INTO "cottages" ("name", "location", "rating", "description", "number_of_visitor_disappearances", "img_url", "created_at", "updated_at") VALUES (?, ?, ?, ?, ?, ?, ?, ?)[0m  [["name", "Peaceful Lakeside Cottage"], ["location", "Northern Lake Michigan"], ["rating", 2.2], ["description", "Come enjoy this peaceful and definitely relaxing cottage with a beautiful view! Swimming strongly discouraged after the last accident. So is hiking in the woods. So is motorboating. So is going into the basement."], ["number_of_visitor_disappearances", 6], ["img_url", "https://www.realestateexpress.com/wp-content/uploads/2017/10/blog-image-haunted-houses-campbell-castle.jpg"], ["created_at", "2020-10-17 01:16:05.046149"], ["updated_at", "2020-10-17 01:16:05.046149"]]
  [1m[35m (0.6ms)[0m  [1m[36mcommit transaction[0m
  [1m[35m (0.0ms)[0m  [1m[36mbegin transaction[0m
  [1m[36mCottage Create (0.3ms)[0m  [1m[32mINSERT INTO "cottages" ("name", "location", "rating", "description", "number_of_visitor_disappearances", "img_url", "created_at", "updated_at") VALUES (?, ?, ?, ?, ?, ?, ?, ?)[0m  [["name", "Placid Mountain Cabin"], ["location", "Somewhere Deep in the Appalachian Mountains"], ["rating", 1.4], ["description", "Quiet cabin far from civilization. The local rangers have assuranced us that the sounds in the woods are probably just bears and squirrels."], ["number_of_visitor_disappearances", 7], ["img_url", "https://glampinghub.com/blog/wp-content/uploads/2018/10/cabin-in-the-woods-1280x720.jpg"], ["created_at", "2020-10-17 01:16:05.056142"], ["updated_at", "2020-10-17 01:16:05.056142"]]
  [1m[35m (0.6ms)[0m  [1m[36mcommit transaction[0m
  [1m[35m (0.0ms)[0m  [1m[36mbegin transaction[0m
  [1m[36mCottage Create (0.3ms)[0m  [1m[32mINSERT INTO "cottages" ("name", "location", "rating", "description", "number_of_visitor_disappearances", "img_url", "created_at", "updated_at") VALUES (?, ?, ?, ?, ?, ?, ?, ?)[0m  [["name", "Rustic Cabin in Southern Swamp Country"], ["location", "Fifty Miles from New Orleans"], ["rating", 0.8], ["description", "Rustic cabin in the heart of bayou country. Authentic living conditions! Bedding not included. Don't feed the alligators."], ["number_of_visitor_disappearances", 3], ["img_url", "https://i.pinimg.com/originals/ff/cf/d7/ffcfd78e17ae6602be89b505f9a64f0f.jpg"], ["created_at", "2020-10-17 01:16:05.059646"], ["updated_at", "2020-10-17 01:16:05.059646"]]
  [1m[35m (0.6ms)[0m  [1m[36mcommit transaction[0m
  [1m[35m (0.0ms)[0m  [1m[36mbegin transaction[0m
  [1m[36mCottage Create (0.3ms)[0m  [1m[32mINSERT INTO "cottages" ("name", "location", "rating", "description", "number_of_visitor_disappearances", "img_url", "created_at", "updated_at") VALUES (?, ?, ?, ?, ?, ?, ?, ?)[0m  [["name", "Gorgeous Victorian Mansion"], ["location", "Just Philadelphia"], ["rating", 4.9], ["description", "Beautiful new world architecture with that old world charm. Mansion has several rooms, many of which we don't fully understand the purpose of. At night please avoid traveling between rooms as they've been known to shift unexpectedly."], ["number_of_visitor_disappearances", 23], ["img_url", "https://www.interesly.com/wp-content/uploads/2018/10/Abandoned-Victorian-Mansion-Chateau-Notenboom-or-Hof-van-Notenboom-Belgium.jpg"], ["created_at", "2020-10-17 01:16:05.063094"], ["updated_at", "2020-10-17 01:16:05.063094"]]
  [1m[35m (0.6ms)[0m  [1m[36mcommit transaction[0m
  [1m[35m (0.0ms)[0m  [1m[36mbegin transaction[0m
  [1m[36mCottage Create (0.2ms)[0m  [1m[32mINSERT INTO "cottages" ("name", "location", "rating", "description", "number_of_visitor_disappearances", "img_url", "created_at", "updated_at") VALUES (?, ?, ?, ?, ?, ?, ?, ?)[0m  [["name", "Rural Midwestern Farmhouse"], ["location", "Somewhere in the Midwest"], ["rating", 2.9], ["description", "Isolated farmhouse with a location we've kept secret for too long. Go apple picking in nearby orchards, get lost in the farm maze, and whatever you do, don't go into attic. This advice is especially true if you hear weeping."], ["number_of_visitor_disappearances", 1], ["img_url", ""], ["created_at", "2020-10-17 01:16:05.066353"], ["updated_at", "2020-10-17 01:16:05.066353"]]
  [1m[35m (0.5ms)[0m  [1m[36mcommit transaction[0m
